<?xml version="1.0" encoding="UTF-8"?>
<!-- Generated by org.testng.reporters.JUnitReportReporter -->
<testsuite hostname="DESKTOP-GGQ6OF8" failures="0" tests="1" name="testlayer.BuyFunctionality" time="15.161" errors="0" timestamp="2024-06-15T20:53:00 IST" skipped="0">
  <testcase classname="testlayer.BuyFunctionality" name="verifyBuyFunctionalityWithLogin" time="15.161"/>
</testsuite> <!-- testlayer.BuyFunctionality -->
